<?xml version="1.0" encoding="UTF-8"?>
<!-- Generated by org.testng.reporters.JUnitReportReporter -->
<testsuite skipped="0" hostname="ashish" name="scripts.CashTest" tests="1" failures="0" timestamp="09 Aug 2018 16:12:55 GMT" time="48.966" errors="0">
  <testcase name="cashtest" time="48.966" classname="scripts.CashTest"/>
</testsuite> <!-- scripts.CashTest -->
